2025-12-09T18:47:36 | touched: README.md
2026-01-10T05:06:23 | touched: test/Gptneomodel.test.js
2025-02-05T15:14:45 | touched: LICENSE
2025-06-10T08:21:45 | touched: test/Gptneomodel.test.js
2026-01-12T20:12:10 | touched: test/Gptneomodel.test.js
2025-05-19T01:31:46 | touched: LICENSE
2025-03-22T03:21:49 | touched: contracts/Gptneomodel.sol
2025-12-23T17:51:39 | touched: contracts/Gptneomodel.sol
2025-10-30T08:10:36 | touched: package.json
2025-12-18T22:06:36 | touched: .env.example
2025-06-26T23:03:17 | touched: scripts/deploy.js
2025-11-07T22:11:30 | touched: package.json
2025-02-17T15:16:23 | touched: scripts/deploy.js
2025-08-25T18:57:45 | touched: README.md
2025-06-18T02:12:56 | touched: LICENSE
2025-10-21T00:13:52 | touched: README.md
2025-10-14T23:32:35 | touched: scripts/deploy.js
2025-11-01T03:14:37 | touched: scripts/deploy.js
2025-09-07T19:01:21 | touched: hardhat.config.js
2025-12-19T04:38:07 | touched: README.md
2025-03-26T00:16:45 | touched: LICENSE
2025-10-14T02:59:15 | touched: test/Gptneomodel.test.js
2025-09-09T04:23:46 | touched: package.json
2025-03-22T07:16:01 | touched: test/Gptneomodel.test.js
2025-03-31T19:20:02 | touched: test/Gptneomodel.test.js
2025-11-09T14:47:58 | touched: package.json
2025-04-17T19:43:05 | touched: .env.example
2025-09-15T20:06:37 | touched: .env.example
2025-05-05T03:40:34 | touched: contracts/Gptneomodel.sol
2025-03-18T12:10:56 | touched: scripts/deploy.js
2025-08-16T22:31:08 | touched: contracts/Gptneomodel.sol
2025-11-13T17:49:47 | touched: contracts/Gptneomodel.sol
2025-08-30T09:05:07 | touched: contracts/Gptneomodel.sol
